  [4;36;1mSQL (0.209286)[0m   [0;1mSET NAMES 'utf8'[0m
  [4;35;1mSQL (0.172520)[0m   [0mSET SQL_AUTO_IS_NULL=0[0m
  [4;36;1mSQL (0.000000)[0m   [0;1mMysql::Error: Table 'weight_development.schema_info' doesn't exist: SELECT * FROM schema_info[0m
  [4;35;1mSQL (0.173792)[0m   [0mSHOW TABLES[0m
  [4;36;1mSQL (0.184472)[0m   [0;1mSHOW FIELDS FROM `logs`[0m
  [4;35;1mSQL (0.173914)[0m   [0mdescribe `logs`[0m
  [4;36;1mSQL (0.215618)[0m   [0;1mSHOW KEYS FROM `logs`[0m
  [4;35;1mSQL (0.185635)[0m   [0mSHOW FIELDS FROM `schema_migrations`[0m
  [4;36;1mSQL (0.173558)[0m   [0;1mdescribe `schema_migrations`[0m
  [4;35;1mSQL (0.293248)[0m   [0mSHOW KEYS FROM `schema_migrations`[0m
  [4;36;1mSQL (0.187158)[0m   [0;1mSHOW FIELDS FROM `targets`[0m
  [4;35;1mSQL (0.181371)[0m   [0mdescribe `targets`[0m
  [4;36;1mSQL (0.190126)[0m   [0;1mSHOW KEYS FROM `targets`[0m
  [4;35;1mSQL (0.182437)[0m   [0mSHOW FIELDS FROM `users`[0m
  [4;36;1mSQL (0.173847)[0m   [0;1mdescribe `users`[0m
  [4;35;1mSQL (0.218810)[0m   [0mSHOW KEYS FROM `users`[0m
  [4;36;1mSQL (0.175228)[0m   [0;1mSET NAMES 'utf8'[0m
  [4;35;1mSQL (0.172928)[0m   [0mSET SQL_AUTO_IS_NULL=0[0m
  [4;36;1mSQL (0.227686)[0m   [0;1mDROP TABLE `logs`[0m
  [4;35;1mSQL (0.246415)[0m   [0mCREATE TABLE `logs` (`id` int(11) DEFAULT NULL auto_increment PRIMARY KEY, `date` date DEFAULT NULL, `weight` float DEFAULT NULL, `trend` float DEFAULT NULL, `created_at` datetime DEFAULT NULL, `updated_at` datetime DEFAULT NULL, `lock_version` int(11) DEFAULT 0, `user_id` int(11) DEFAULT NULL) ENGINE=InnoDB[0m
  [4;36;1mSQL (0.185825)[0m   [0;1mDROP TABLE `schema_migrations`[0m
  [4;35;1mSQL (0.363118)[0m   [0mCREATE TABLE `schema_migrations` (`version` int(11) DEFAULT NULL auto_increment PRIMARY KEY) ENGINE=InnoDB[0m
  [4;36;1mSQL (0.219290)[0m   [0;1mCREATE UNIQUE INDEX `unique_schema_migrations` ON `schema_migrations` (`version`)[0m
  [4;35;1mSQL (1.495115)[0m   [0mDROP TABLE `targets`[0m
  [4;36;1mSQL (0.531601)[0m   [0;1mCREATE TABLE `targets` (`id` int(11) DEFAULT NULL auto_increment PRIMARY KEY, `weight` float DEFAULT NULL, `created_at` datetime DEFAULT NULL, `updated_at` datetime DEFAULT NULL, `date` date DEFAULT NULL, `lock_version` int(11) DEFAULT 0, `user_id` int(11) DEFAULT NULL) ENGINE=InnoDB[0m
  [4;35;1mSQL (0.242778)[0m   [0mDROP TABLE `users`[0m
  [4;36;1mSQL (0.178897)[0m   [0;1mCREATE TABLE `users` (`id` int(11) DEFAULT NULL auto_increment PRIMARY KEY, `email` varchar(255) NOT NULL, `password` varchar(32) NOT NULL, `name` varchar(255) DEFAULT '', `created_at` datetime DEFAULT NULL, `updated_at` datetime DEFAULT NULL, `lock_version` int(11) DEFAULT 0) ENGINE=InnoDB[0m
  [4;36;1mSQL (0.172621)[0m   [0;1mSET NAMES 'utf8'[0m
  [4;35;1mSQL (0.180561)[0m   [0mSET SQL_AUTO_IS_NULL=0[0m
  [4;36;1mSQL (0.000000)[0m   [0;1mMysql::Error: Table 'weight_development.schema_info' doesn't exist: SELECT * FROM schema_info[0m
  [4;35;1mSQL (0.181159)[0m   [0mSHOW TABLES[0m
  [4;36;1mSQL (0.189863)[0m   [0;1mSHOW FIELDS FROM `logs`[0m
  [4;35;1mSQL (0.179337)[0m   [0mdescribe `logs`[0m
  [4;36;1mSQL (0.176981)[0m   [0;1mSHOW KEYS FROM `logs`[0m
  [4;35;1mSQL (0.200871)[0m   [0mSHOW FIELDS FROM `schema_migrations`[0m
  [4;36;1mSQL (0.181963)[0m   [0;1mdescribe `schema_migrations`[0m
  [4;35;1mSQL (0.174505)[0m   [0mSHOW KEYS FROM `schema_migrations`[0m
  [4;36;1mSQL (0.175571)[0m   [0;1mSHOW FIELDS FROM `targets`[0m
  [4;35;1mSQL (0.174748)[0m   [0mdescribe `targets`[0m
  [4;36;1mSQL (0.180983)[0m   [0;1mSHOW KEYS FROM `targets`[0m
  [4;35;1mSQL (0.174423)[0m   [0mSHOW FIELDS FROM `users`[0m
  [4;36;1mSQL (0.193199)[0m   [0;1mdescribe `users`[0m
  [4;35;1mSQL (0.174124)[0m   [0mSHOW KEYS FROM `users`[0m
  [4;36;1mSQL (0.179104)[0m   [0;1mSET NAMES 'utf8'[0m
  [4;35;1mSQL (0.178763)[0m   [0mSET SQL_AUTO_IS_NULL=0[0m
  [4;36;1mSQL (0.513911)[0m   [0;1mDROP DATABASE IF EXISTS `weight_development`[0m
  [4;36;1mSQL (0.172563)[0m   [0;1mSET NAMES 'utf8'[0m
  [4;35;1mSQL (0.180613)[0m   [0mSET SQL_AUTO_IS_NULL=0[0m
  [4;36;1mSQL (0.205842)[0m   [0;1mCREATE TABLE `schema_info` (version int(11))[0m
  [4;35;1mSQL (0.185161)[0m   [0mINSERT INTO `schema_info` (version) VALUES(0)[0m
  [4;36;1mSQL (0.000000)[0m   [0;1mMysql::Error: Table 'schema_info' already exists: CREATE TABLE `schema_info` (version int(11))[0m
  [4;35;1mSQL (0.177367)[0m   [0mSELECT version FROM schema_info[0m
Migrating to CreateUsers (1)
  [4;36;1mSQL (0.000000)[0m   [0;1mMysql::Error: Unknown table 'users': DROP TABLE `users`[0m
  [4;35;1mSQL (2.301362)[0m   [0mCREATE TABLE `users` (`id` int(11) DEFAULT NULL auto_increment PRIMARY KEY, `login` varchar(255) DEFAULT NULL, `email` varchar(255) DEFAULT NULL, `crypted_password` varchar(40) DEFAULT NULL, `salt` varchar(40) DEFAULT NULL, `created_at` datetime DEFAULT NULL, `updated_at` datetime DEFAULT NULL, `remember_token` varchar(255) DEFAULT NULL, `remember_token_expires_at` datetime DEFAULT NULL) ENGINE=InnoDB[0m
  [4;36;1mSQL (0.172961)[0m   [0;1mUPDATE schema_info SET version = 1[0m
  [4;35;1mSQL (0.173197)[0m   [0mSELECT * FROM schema_info[0m
  [4;36;1mSQL (0.173442)[0m   [0;1mSHOW TABLES[0m
  [4;35;1mSQL (0.179215)[0m   [0mSHOW FIELDS FROM `users`[0m
  [4;36;1mSQL (0.174595)[0m   [0;1mdescribe `users`[0m
  [4;35;1mSQL (0.173813)[0m   [0mSHOW KEYS FROM `users`[0m
  [4;36;1mSQL (0.181607)[0m   [0;1mSET NAMES 'utf8'[0m
  [4;35;1mSQL (0.173546)[0m   [0mSET SQL_AUTO_IS_NULL=0[0m
  [4;36;1mSQL (0.172572)[0m   [0;1mSELECT * FROM schema_info[0m
  [4;35;1mSQL (0.174076)[0m   [0mSHOW TABLES[0m
  [4;36;1mSQL (0.174920)[0m   [0;1mSHOW FIELDS FROM `users`[0m
  [4;35;1mSQL (0.174192)[0m   [0mdescribe `users`[0m
  [4;36;1mSQL (0.174010)[0m   [0;1mSHOW KEYS FROM `users`[0m
  [4;36;1mSQL (0.183562)[0m   [0;1mSET NAMES 'utf8'[0m
  [4;35;1mSQL (0.173051)[0m   [0mSET SQL_AUTO_IS_NULL=0[0m
  [4;36;1mSQL (0.000000)[0m   [0;1mMysql::Error: Table 'schema_info' already exists: CREATE TABLE `schema_info` (version int(11))[0m
  [4;35;1mSQL (0.184530)[0m   [0mSELECT version FROM schema_info[0m
  [4;36;1mSQL (0.182940)[0m   [0;1mSELECT * FROM schema_info[0m
  [4;35;1mSQL (0.181901)[0m   [0mSHOW TABLES[0m
  [4;36;1mSQL (0.180579)[0m   [0;1mSHOW FIELDS FROM `users`[0m
  [4;35;1mSQL (0.173899)[0m   [0mdescribe `users`[0m
  [4;36;1mSQL (0.174049)[0m   [0;1mSHOW KEYS FROM `users`[0m
  [4;35;1mSQL (0.177296)[0m   [0mSET NAMES 'utf8'[0m
  [4;36;1mSQL (0.172831)[0m   [0;1mSET SQL_AUTO_IS_NULL=0[0m
  [4;35;1mSQL (0.217279)[0m   [0mDROP DATABASE IF EXISTS `weight_test`[0m
  [4;36;1mSQL (0.219399)[0m   [0;1mCREATE DATABASE `weight_test` DEFAULT CHARACTER SET `utf8`[0m
  [4;35;1mSQL (0.172432)[0m   [0mSET NAMES 'utf8'[0m
  [4;36;1mSQL (0.172909)[0m   [0;1mSET SQL_AUTO_IS_NULL=0[0m
  [4;35;1mSQL (0.000000)[0m   [0mMysql::Error: Unknown table 'users': DROP TABLE `users`[0m
  [4;36;1mSQL (0.235815)[0m   [0;1mCREATE TABLE `users` (`id` int(11) DEFAULT NULL auto_increment PRIMARY KEY, `login` varchar(255) DEFAULT NULL, `email` varchar(255) DEFAULT NULL, `crypted_password` varchar(40) DEFAULT NULL, `salt` varchar(40) DEFAULT NULL, `created_at` datetime DEFAULT NULL, `updated_at` datetime DEFAULT NULL, `remember_token` varchar(255) DEFAULT NULL, `remember_token_expires_at` datetime DEFAULT NULL) ENGINE=InnoDB[0m
  [4;35;1mSQL (0.414990)[0m   [0mCREATE TABLE `schema_info` (version int(11))[0m
  [4;36;1mSQL (0.174334)[0m   [0;1mINSERT INTO `schema_info` (version) VALUES(0)[0m
  [4;35;1mSQL (0.178312)[0m   [0mSHOW FIELDS FROM `schema_info`[0m
  [4;36;1mSQL (0.174181)[0m   [0;1mUPDATE schema_info SET version = 1[0m
  [4;36;1mSQL (0.173199)[0m   [0;1mSET NAMES 'utf8'[0m
  [4;35;1mSQL (0.177968)[0m   [0mSET SQL_AUTO_IS_NULL=0[0m
  [4;36;1mSQL (0.000000)[0m   [0;1mMysql::Error: Table 'schema_info' already exists: CREATE TABLE `schema_info` (version int(11))[0m
  [4;35;1mSQL (0.000000)[0m   [0mMysql::Error: Table 'schema_info' already exists: CREATE TABLE `schema_info` (version int(11))[0m
  [4;36;1mSQL (0.172921)[0m   [0;1mSET NAMES 'utf8'[0m
  [4;35;1mSQL (0.174085)[0m   [0mSET SQL_AUTO_IS_NULL=0[0m
  [4;36;1mSQL (0.000000)[0m   [0;1mMysql::Error: Table 'schema_info' already exists: CREATE TABLE `schema_info` (version int(11))[0m
  [4;35;1mSQL (0.000000)[0m   [0mMysql::Error: Table 'schema_info' already exists: CREATE TABLE `schema_info` (version int(11))[0m
  [4;36;1mSQL (0.172954)[0m   [0;1mSELECT version FROM schema_info[0m
  [4;35;1mSQL (0.184897)[0m   [0mSELECT version FROM schema_info[0m
Migrating to CreateTargets (2)
  [4;36;1mSQL (0.327253)[0m   [0;1mCREATE TABLE `targets` (`id` int(11) DEFAULT NULL auto_increment PRIMARY KEY, `user_id` int(11) DEFAULT NULL, `date` date DEFAULT NULL, `weight` float DEFAULT NULL, `lock_version` int(11) DEFAULT 0, `created_at` datetime DEFAULT NULL, `updated_at` datetime DEFAULT NULL) ENGINE=InnoDB[0m
  [4;35;1mSQL (0.234943)[0m   [0mCREATE INDEX `index_targets_on_user_id` ON `targets` (`user_id`)[0m
  [4;36;1mSQL (0.203827)[0m   [0;1mCREATE INDEX `index_targets_on_date` ON `targets` (`date`)[0m
  [4;35;1mSQL (0.192624)[0m   [0mUPDATE schema_info SET version = 2[0m
  [4;36;1mSQL (0.173655)[0m   [0;1mSELECT version FROM schema_info[0m
Migrating to CreateLogs (3)
  [4;35;1mSQL (0.184724)[0m   [0mCREATE TABLE `logs` (`id` int(11) DEFAULT NULL auto_increment PRIMARY KEY, `user_id` int(11) DEFAULT NULL, `date` date DEFAULT NULL, `weight` float DEFAULT NULL, `trend` float DEFAULT NULL, `lock_version` int(11) DEFAULT 0, `created_at` datetime DEFAULT NULL, `updated_at` datetime DEFAULT NULL) ENGINE=InnoDB[0m
  [4;36;1mSQL (0.219520)[0m   [0;1mCREATE INDEX `index_logs_on_user_id` ON `logs` (`user_id`)[0m
  [4;35;1mSQL (0.180434)[0m   [0mCREATE INDEX `index_logs_on_date` ON `logs` (`date`)[0m
  [4;36;1mSQL (0.173253)[0m   [0;1mUPDATE schema_info SET version = 3[0m
  [4;35;1mSQL (0.173098)[0m   [0mSELECT version FROM schema_info[0m
Migrating to AddLockAndIndexesToUsers (4)
  [4;36;1mSQL (1.279378)[0m   [0;1mALTER TABLE `users` ADD `lock_version` int(11) DEFAULT 0[0m
  [4;35;1mSQL (2.755045)[0m   [0mCREATE UNIQUE INDEX `index_users_on_login` ON `users` (`login`)[0m
  [4;36;1mSQL (0.609337)[0m   [0;1mCREATE UNIQUE INDEX `index_users_on_email` ON `users` (`email`)[0m
  [4;35;1mSQL (0.176014)[0m   [0mUPDATE schema_info SET version = 4[0m
  [4;36;1mSQL (0.173044)[0m   [0;1mSELECT * FROM schema_info[0m
  [4;35;1mSQL (0.176549)[0m   [0mSHOW TABLES[0m
  [4;36;1mSQL (0.176678)[0m   [0;1mSHOW FIELDS FROM `logs`[0m
  [4;35;1mSQL (0.173919)[0m   [0mdescribe `logs`[0m
  [4;36;1mSQL (1.351503)[0m   [0;1mSHOW KEYS FROM `logs`[0m
  [4;35;1mSQL (0.174978)[0m   [0mSHOW FIELDS FROM `targets`[0m
  [4;36;1mSQL (0.180023)[0m   [0;1mdescribe `targets`[0m
  [4;35;1mSQL (0.177731)[0m   [0mSHOW KEYS FROM `targets`[0m
  [4;36;1mSQL (0.174249)[0m   [0;1mSHOW FIELDS FROM `users`[0m
  [4;35;1mSQL (0.175615)[0m   [0mdescribe `users`[0m
  [4;36;1mSQL (0.174226)[0m   [0;1mSHOW KEYS FROM `users`[0m
  [4;36;1mSQL (0.173470)[0m   [0;1mSET NAMES 'utf8'[0m
  [4;35;1mSQL (0.176355)[0m   [0mSET SQL_AUTO_IS_NULL=0[0m
  [4;36;1mSQL (0.197694)[0m   [0;1mSELECT * FROM schema_info[0m
  [4;35;1mSQL (0.173214)[0m   [0mSHOW TABLES[0m
  [4;36;1mSQL (0.174163)[0m   [0;1mSHOW FIELDS FROM `logs`[0m
  [4;35;1mSQL (0.173868)[0m   [0mdescribe `logs`[0m
  [4;36;1mSQL (0.180285)[0m   [0;1mSHOW KEYS FROM `logs`[0m
  [4;35;1mSQL (0.180999)[0m   [0mSHOW FIELDS FROM `targets`[0m
  [4;36;1mSQL (0.188182)[0m   [0;1mdescribe `targets`[0m
  [4;35;1mSQL (0.175436)[0m   [0mSHOW KEYS FROM `targets`[0m
  [4;36;1mSQL (0.175191)[0m   [0;1mSHOW FIELDS FROM `users`[0m
  [4;35;1mSQL (0.176667)[0m   [0mdescribe `users`[0m
  [4;36;1mSQL (0.175632)[0m   [0;1mSHOW KEYS FROM `users`[0m
  [4;36;1mSQL (0.193723)[0m   [0;1mSET NAMES 'utf8'[0m
  [4;35;1mSQL (0.197555)[0m   [0mSET SQL_AUTO_IS_NULL=0[0m
  [4;36;1mSQL (0.000000)[0m   [0;1mMysql::Error: Table 'schema_info' already exists: CREATE TABLE `schema_info` (version int(11))[0m
  [4;35;1mSQL (0.172897)[0m   [0mSELECT version FROM schema_info[0m
  [4;36;1mSQL (0.175948)[0m   [0;1mSELECT version FROM schema_info[0m
  [4;35;1mSQL (0.174332)[0m   [0mSELECT version FROM schema_info[0m
  [4;36;1mSQL (0.174087)[0m   [0;1mSELECT version FROM schema_info[0m
  [4;35;1mSQL (0.172914)[0m   [0mSELECT * FROM schema_info[0m
  [4;36;1mSQL (0.172928)[0m   [0;1mSHOW TABLES[0m
  [4;35;1mSQL (0.174233)[0m   [0mSHOW FIELDS FROM `logs`[0m
  [4;36;1mSQL (0.174045)[0m   [0;1mdescribe `logs`[0m
  [4;35;1mSQL (0.176571)[0m   [0mSHOW KEYS FROM `logs`[0m
  [4;36;1mSQL (0.173837)[0m   [0;1mSHOW FIELDS FROM `targets`[0m
  [4;35;1mSQL (0.174865)[0m   [0mdescribe `targets`[0m
  [4;36;1mSQL (0.182377)[0m   [0;1mSHOW KEYS FROM `targets`[0m
  [4;35;1mSQL (0.175206)[0m   [0mSHOW FIELDS FROM `users`[0m
  [4;36;1mSQL (0.174773)[0m   [0;1mdescribe `users`[0m
  [4;35;1mSQL (0.176313)[0m   [0mSHOW KEYS FROM `users`[0m
  [4;36;1mSQL (0.172600)[0m   [0;1mSET NAMES 'utf8'[0m
  [4;35;1mSQL (0.172710)[0m   [0mSET SQL_AUTO_IS_NULL=0[0m
  [4;36;1mSQL (0.700930)[0m   [0;1mDROP DATABASE IF EXISTS `weight_test`[0m
  [4;35;1mSQL (0.182452)[0m   [0mCREATE DATABASE `weight_test` DEFAULT CHARACTER SET `utf8`[0m
  [4;36;1mSQL (0.172573)[0m   [0;1mSET NAMES 'utf8'[0m
  [4;35;1mSQL (0.172518)[0m   [0mSET SQL_AUTO_IS_NULL=0[0m
  [4;36;1mSQL (0.000000)[0m   [0;1mMysql::Error: Unknown table 'logs': DROP TABLE `logs`[0m
  [4;35;1mSQL (1.428717)[0m   [0mCREATE TABLE `logs` (`id` int(11) DEFAULT NULL auto_increment PRIMARY KEY, `user_id` int(11) DEFAULT NULL, `date` date DEFAULT NULL, `weight` float DEFAULT NULL, `trend` float DEFAULT NULL, `lock_version` int(11) DEFAULT 0, `created_at` datetime DEFAULT NULL, `updated_at` datetime DEFAULT NULL) ENGINE=InnoDB[0m
  [4;36;1mSQL (0.214217)[0m   [0;1mCREATE INDEX `index_logs_on_user_id` ON `logs` (`user_id`)[0m
  [4;35;1mSQL (0.204674)[0m   [0mCREATE INDEX `index_logs_on_date` ON `logs` (`date`)[0m
  [4;36;1mSQL (0.000000)[0m   [0;1mMysql::Error: Unknown table 'targets': DROP TABLE `targets`[0m
  [4;35;1mSQL (0.196068)[0m   [0mCREATE TABLE `targets` (`id` int(11) DEFAULT NULL auto_increment PRIMARY KEY, `user_id` int(11) DEFAULT NULL, `date` date DEFAULT NULL, `weight` float DEFAULT NULL, `lock_version` int(11) DEFAULT 0, `created_at` datetime DEFAULT NULL, `updated_at` datetime DEFAULT NULL) ENGINE=InnoDB[0m
  [4;36;1mSQL (0.184374)[0m   [0;1mCREATE INDEX `index_targets_on_user_id` ON `targets` (`user_id`)[0m
  [4;35;1mSQL (0.223654)[0m   [0mCREATE INDEX `index_targets_on_date` ON `targets` (`date`)[0m
  [4;36;1mSQL (0.000000)[0m   [0;1mMysql::Error: Unknown table 'users': DROP TABLE `users`[0m
  [4;35;1mSQL (0.189310)[0m   [0mCREATE TABLE `users` (`id` int(11) DEFAULT NULL auto_increment PRIMARY KEY, `login` varchar(255) DEFAULT NULL, `email` varchar(255) DEFAULT NULL, `crypted_password` varchar(40) DEFAULT NULL, `salt` varchar(40) DEFAULT NULL, `created_at` datetime DEFAULT NULL, `updated_at` datetime DEFAULT NULL, `remember_token` varchar(255) DEFAULT NULL, `remember_token_expires_at` datetime DEFAULT NULL, `lock_version` int(11) DEFAULT 0) ENGINE=InnoDB[0m
  [4;36;1mSQL (0.582941)[0m   [0;1mCREATE UNIQUE INDEX `index_users_on_login` ON `users` (`login`)[0m
  [4;35;1mSQL (0.474562)[0m   [0mCREATE UNIQUE INDEX `index_users_on_email` ON `users` (`email`)[0m
  [4;36;1mSQL (0.902775)[0m   [0;1mCREATE TABLE `schema_info` (version int(11))[0m
  [4;35;1mSQL (0.177485)[0m   [0mINSERT INTO `schema_info` (version) VALUES(0)[0m
  [4;36;1mSQL (0.174057)[0m   [0;1mSHOW FIELDS FROM `schema_info`[0m
  [4;35;1mSQL (0.186102)[0m   [0mUPDATE schema_info SET version = 4[0m
  [4;36;1mSQL (0.172503)[0m   [0;1mSET NAMES 'utf8'[0m
  [4;35;1mSQL (0.174987)[0m   [0mSET SQL_AUTO_IS_NULL=0[0m
  [4;36;1mSQL (0.000000)[0m   [0;1mMysql::Error: Table 'schema_info' already exists: CREATE TABLE `schema_info` (version int(11))[0m
  [4;35;1mSQL (0.174070)[0m   [0mSELECT version FROM schema_info[0m
  [4;36;1mSQL (0.173934)[0m   [0;1mSELECT version FROM schema_info[0m
  [4;35;1mSQL (0.172901)[0m   [0mSELECT version FROM schema_info[0m
  [4;36;1mSQL (0.173948)[0m   [0;1mSELECT version FROM schema_info[0m
  [4;35;1mSQL (0.177922)[0m   [0mSELECT * FROM schema_info[0m
  [4;36;1mSQL (0.176515)[0m   [0;1mSHOW TABLES[0m
  [4;35;1mSQL (0.176480)[0m   [0mSHOW FIELDS FROM `logs`[0m
  [4;36;1mSQL (0.184228)[0m   [0;1mdescribe `logs`[0m
  [4;35;1mSQL (0.222560)[0m   [0mSHOW KEYS FROM `logs`[0m
  [4;36;1mSQL (0.186681)[0m   [0;1mSHOW FIELDS FROM `targets`[0m
  [4;35;1mSQL (0.180061)[0m   [0mdescribe `targets`[0m
  [4;36;1mSQL (0.181006)[0m   [0;1mSHOW KEYS FROM `targets`[0m
  [4;35;1mSQL (0.181636)[0m   [0mSHOW FIELDS FROM `users`[0m
  [4;36;1mSQL (0.174331)[0m   [0;1mdescribe `users`[0m
  [4;35;1mSQL (0.175452)[0m   [0mSHOW KEYS FROM `users`[0m
  [4;36;1mSQL (0.173173)[0m   [0;1mSET NAMES 'utf8'[0m
  [4;35;1mSQL (0.172440)[0m   [0mSET SQL_AUTO_IS_NULL=0[0m
  [4;36;1mSQL (0.457511)[0m   [0;1mDROP DATABASE IF EXISTS `weight_test`[0m
  [4;35;1mSQL (0.172937)[0m   [0mCREATE DATABASE `weight_test` DEFAULT CHARACTER SET `utf8`[0m
  [4;36;1mSQL (0.172744)[0m   [0;1mSET NAMES 'utf8'[0m
  [4;35;1mSQL (0.175058)[0m   [0mSET SQL_AUTO_IS_NULL=0[0m
  [4;36;1mSQL (0.000000)[0m   [0;1mMysql::Error: Unknown table 'logs': DROP TABLE `logs`[0m
  [4;35;1mSQL (0.207889)[0m   [0mCREATE TABLE `logs` (`id` int(11) DEFAULT NULL auto_increment PRIMARY KEY, `user_id` int(11) DEFAULT NULL, `date` date DEFAULT NULL, `weight` float DEFAULT NULL, `trend` float DEFAULT NULL, `lock_version` int(11) DEFAULT 0, `created_at` datetime DEFAULT NULL, `updated_at` datetime DEFAULT NULL) ENGINE=InnoDB[0m
  [4;36;1mSQL (0.194548)[0m   [0;1mCREATE INDEX `index_logs_on_user_id` ON `logs` (`user_id`)[0m
  [4;35;1mSQL (0.206447)[0m   [0mCREATE INDEX `index_logs_on_date` ON `logs` (`date`)[0m
  [4;36;1mSQL (0.000000)[0m   [0;1mMysql::Error: Unknown table 'targets': DROP TABLE `targets`[0m
  [4;35;1mSQL (0.191048)[0m   [0mCREATE TABLE `targets` (`id` int(11) DEFAULT NULL auto_increment PRIMARY KEY, `user_id` int(11) DEFAULT NULL, `date` date DEFAULT NULL, `weight` float DEFAULT NULL, `lock_version` int(11) DEFAULT 0, `created_at` datetime DEFAULT NULL, `updated_at` datetime DEFAULT NULL) ENGINE=InnoDB[0m
  [4;36;1mSQL (0.194955)[0m   [0;1mCREATE INDEX `index_targets_on_user_id` ON `targets` (`user_id`)[0m
  [4;35;1mSQL (0.205853)[0m   [0mCREATE INDEX `index_targets_on_date` ON `targets` (`date`)[0m
  [4;36;1mSQL (0.000000)[0m   [0;1mMysql::Error: Unknown table 'users': DROP TABLE `users`[0m
  [4;35;1mSQL (0.203328)[0m   [0mCREATE TABLE `users` (`id` int(11) DEFAULT NULL auto_increment PRIMARY KEY, `login` varchar(255) DEFAULT NULL, `email` varchar(255) DEFAULT NULL, `crypted_password` varchar(40) DEFAULT NULL, `salt` varchar(40) DEFAULT NULL, `created_at` datetime DEFAULT NULL, `updated_at` datetime DEFAULT NULL, `remember_token` varchar(255) DEFAULT NULL, `remember_token_expires_at` datetime DEFAULT NULL, `lock_version` int(11) DEFAULT 0) ENGINE=InnoDB[0m
  [4;36;1mSQL (0.184130)[0m   [0;1mCREATE UNIQUE INDEX `index_users_on_login` ON `users` (`login`)[0m
  [4;35;1mSQL (0.187615)[0m   [0mCREATE UNIQUE INDEX `index_users_on_email` ON `users` (`email`)[0m
  [4;36;1mSQL (0.206967)[0m   [0;1mCREATE TABLE `schema_info` (version int(11))[0m
  [4;35;1mSQL (0.182034)[0m   [0mINSERT INTO `schema_info` (version) VALUES(0)[0m
  [4;36;1mSQL (0.196266)[0m   [0;1mSHOW FIELDS FROM `schema_info`[0m
  [4;35;1mSQL (0.177450)[0m   [0mUPDATE schema_info SET version = 4[0m


Processing AccountController#index (for 127.0.0.1 at 2009-02-09 02:22:59) [GET]
  Session ID: 3fd6e72b654f1253f905748976cf9fa2
  Parameters: {"action"=>"index", "controller"=>"account"}
  [4;36;1mSQL (0.180412)[0m   [0;1mSET NAMES 'utf8'[0m
  [4;35;1mSQL (0.173626)[0m   [0mSET SQL_AUTO_IS_NULL=0[0m
  [4;36;1mUser Columns (0.187491)[0m   [0;1mSHOW FIELDS FROM `users`[0m
  [4;35;1mSQL (0.192893)[0m   [0mSELECT count(*) AS count_all FROM `users` [0m
Redirected to http://localhost:3000/account/signup
Completed in 0.62837 (1 reqs/sec) | DB: 0.73442 (116%) | 302 Found [http://localhost/account]


Processing AccountController#signup (for 127.0.0.1 at 2009-02-09 02:23:01) [GET]
  Session ID: BAh7BiIKZmxhc2hJQzonQWN0aW9uQ29udHJvbGxlcjo6Rmxhc2g6OkZsYXNo%0ASGFzaHsABjoKQHVzZWR7AA%3D%3D--cf67efafedf126f663e6a8b03641f82146adc496
  Parameters: {"action"=>"signup", "controller"=>"account"}
  [4;36;1mUser Columns (0.174414)[0m   [0;1mSHOW FIELDS FROM `users`[0m
Rendering account/signup
Completed in 0.22298 (4 reqs/sec) | Rendering: 0.01660 (7%) | DB: 0.17441 (78%) | 200 OK [http://localhost/account/signup]


Processing AccountController#signup (for 127.0.0.1 at 2009-02-09 02:23:55) [POST]
  Session ID: BAh7BzoMY3NyZl9pZCIlOTlkMzg0Y2FhMDliZWQ2YTliZDlhZGZhNjlhNDJl%0AMTkiCmZsYXNoSUM6J0FjdGlvbkNvbnRyb2xsZXI6OkZsYXNoOjpGbGFzaEhh%0Ac2h7AAY6CkB1c2VkewA%3D--95895ad543e57438645d3ad1582afecebab73daa
  Parameters: {"user"=>{"password_confirmation"=>"", "login"=>"tiagoluchini", "password"=>"", "email"=>"info@tiagoluchini.eu"}, "commit"=>"Sign up", "authenticity_token"=>"01d40bd44cc7f778e015619469d77143c4cfb153", "action"=>"signup", "controller"=>"account"}
  [4;35;1mUser Columns (0.180229)[0m   [0mSHOW FIELDS FROM `users`[0m
  [4;36;1mSQL (0.174506)[0m   [0;1mBEGIN[0m
  [4;35;1mUser Load (0.183030)[0m   [0mSELECT * FROM `users` WHERE (LOWER(users.login) = 'tiagoluchini') LIMIT 1[0m
  [4;36;1mUser Load (0.175929)[0m   [0;1mSELECT * FROM `users` WHERE (LOWER(users.email) = 'info@tiagoluchini.eu') LIMIT 1[0m
  [4;35;1mSQL (0.173508)[0m   [0mROLLBACK[0m
Rendering account/signup
Completed in 0.94075 (1 reqs/sec) | Rendering: 0.00765 (0%) | DB: 0.88720 (94%) | 200 OK [http://localhost/account/signup]


Processing AccountController#signup (for 127.0.0.1 at 2009-02-09 02:24:02) [POST]
  Session ID: BAh7BzoMY3NyZl9pZCIlOTlkMzg0Y2FhMDliZWQ2YTliZDlhZGZhNjlhNDJl%0AMTkiCmZsYXNoSUM6J0FjdGlvbkNvbnRyb2xsZXI6OkZsYXNoOjpGbGFzaEhh%0Ac2h7AAY6CkB1c2VkewA%3D--95895ad543e57438645d3ad1582afecebab73daa
  Parameters: {"user"=>{"password_confirmation"=>"", "login"=>"tiagoluchini", "password"=>"pimpao", "email"=>"info@tiagoluchini.eu"}, "commit"=>"Sign up", "authenticity_token"=>"01d40bd44cc7f778e015619469d77143c4cfb153", "action"=>"signup", "controller"=>"account"}
  [4;36;1mUser Columns (0.175366)[0m   [0;1mSHOW FIELDS FROM `users`[0m
  [4;35;1mSQL (0.173830)[0m   [0mBEGIN[0m
  [4;36;1mUser Load (0.174850)[0m   [0;1mSELECT * FROM `users` WHERE (LOWER(users.login) = 'tiagoluchini') LIMIT 1[0m
  [4;35;1mUser Load (0.174880)[0m   [0mSELECT * FROM `users` WHERE (LOWER(users.email) = 'info@tiagoluchini.eu') LIMIT 1[0m
  [4;36;1mSQL (0.173194)[0m   [0;1mROLLBACK[0m
Rendering account/signup
Completed in 1.07844 (0 reqs/sec) | Rendering: 0.00766 (0%) | DB: 0.87212 (80%) | 200 OK [http://localhost/account/signup]


Processing AccountController#signup (for 127.0.0.1 at 2009-02-09 02:24:08) [POST]
  Session ID: BAh7BzoMY3NyZl9pZCIlOTlkMzg0Y2FhMDliZWQ2YTliZDlhZGZhNjlhNDJl%0AMTkiCmZsYXNoSUM6J0FjdGlvbkNvbnRyb2xsZXI6OkZsYXNoOjpGbGFzaEhh%0Ac2h7AAY6CkB1c2VkewA%3D--95895ad543e57438645d3ad1582afecebab73daa
  Parameters: {"user"=>{"password_confirmation"=>"pimpaooo", "login"=>"tiagoluchini", "password"=>"pimpao", "email"=>"info@tiagoluchini.eu"}, "commit"=>"Sign up", "authenticity_token"=>"01d40bd44cc7f778e015619469d77143c4cfb153", "action"=>"signup", "controller"=>"account"}
  [4;35;1mUser Columns (0.174802)[0m   [0mSHOW FIELDS FROM `users`[0m
  [4;36;1mSQL (0.177077)[0m   [0;1mBEGIN[0m
  [4;35;1mUser Load (0.200118)[0m   [0mSELECT * FROM `users` WHERE (LOWER(users.login) = 'tiagoluchini') LIMIT 1[0m
  [4;36;1mUser Load (0.189907)[0m   [0;1mSELECT * FROM `users` WHERE (LOWER(users.email) = 'info@tiagoluchini.eu') LIMIT 1[0m
  [4;35;1mSQL (0.172909)[0m   [0mROLLBACK[0m
Rendering account/signup
Completed in 0.96243 (1 reqs/sec) | Rendering: 0.00721 (0%) | DB: 0.91481 (95%) | 200 OK [http://localhost/account/signup]


Processing AccountController#signup (for 127.0.0.1 at 2009-02-09 02:24:14) [POST]
  Session ID: BAh7BzoMY3NyZl9pZCIlOTlkMzg0Y2FhMDliZWQ2YTliZDlhZGZhNjlhNDJl%0AMTkiCmZsYXNoSUM6J0FjdGlvbkNvbnRyb2xsZXI6OkZsYXNoOjpGbGFzaEhh%0Ac2h7AAY6CkB1c2VkewA%3D--95895ad543e57438645d3ad1582afecebab73daa
  Parameters: {"user"=>{"password_confirmation"=>"pimpao", "login"=>"tiagoluchini", "password"=>"pimpao", "email"=>"info@tiagoluchini.eu"}, "commit"=>"Sign up", "authenticity_token"=>"01d40bd44cc7f778e015619469d77143c4cfb153", "action"=>"signup", "controller"=>"account"}
  [4;36;1mUser Columns (0.175001)[0m   [0;1mSHOW FIELDS FROM `users`[0m
  [4;35;1mSQL (0.178454)[0m   [0mBEGIN[0m
  [4;36;1mUser Load (0.192406)[0m   [0;1mSELECT * FROM `users` WHERE (LOWER(users.login) = 'tiagoluchini') LIMIT 1[0m
  [4;35;1mUser Load (0.187831)[0m   [0mSELECT * FROM `users` WHERE (LOWER(users.email) = 'info@tiagoluchini.eu') LIMIT 1[0m
  [4;36;1mUser Create (0.206976)[0m   [0;1mINSERT INTO `users` (`salt`, `updated_at`, `crypted_password`, `lock_version`, `remember_token_expires_at`, `remember_token`, `login`, `created_at`, `email`) VALUES('a4d879171d0231a3929a3e5727ac248cc9898f29', '2009-02-09 02:24:15', '7194fc50951dbcf559874f7b11decf5f0d9ae7b4', 0, NULL, NULL, 'tiagoluchini', '2009-02-09 02:24:15', 'info@tiagoluchini.eu')[0m
  [4;35;1mSQL (0.200131)[0m   [0mCOMMIT[0m
Redirected to http://localhost:3000/account
Completed in 1.36412 (0 reqs/sec) | DB: 1.14080 (83%) | 302 Found [http://localhost/account/signup]


Processing AccountController#index (for 127.0.0.1 at 2009-02-09 02:24:16) [GET]
  Session ID: BAh7CToOcmV0dXJuX3RvMDoMY3NyZl9pZCIlOTlkMzg0Y2FhMDliZWQ2YTli%0AZDlhZGZhNjlhNDJlMTkiCmZsYXNoSUM6J0FjdGlvbkNvbnRyb2xsZXI6OkZs%0AYXNoOjpGbGFzaEhhc2h7BjoLbm90aWNlIhtUaGFua3MgZm9yIHNpZ25pbmcg%0AdXAhBjoKQHVzZWR7BjsIVDoJdXNlcmkG--4b9ceb55cbc15d96a2b4f55d3922e2c4ee3535ea
  Parameters: {"action"=>"index", "controller"=>"account"}
  [4;36;1mUser Columns (0.174241)[0m   [0;1mSHOW FIELDS FROM `users`[0m
  [4;35;1mUser Load (0.174157)[0m   [0mSELECT * FROM `users` WHERE (`users`.`id` = 1) LIMIT 1[0m
Rendering account/index
Completed in 0.40470 (2 reqs/sec) | Rendering: 0.01510 (3%) | DB: 0.34840 (86%) | 200 OK [http://localhost/account]


Processing AccountController#index (for 127.0.0.1 at 2009-02-09 02:24:37) [GET]
  Session ID: BAh7CToMY3NyZl9pZCIlOTlkMzg0Y2FhMDliZWQ2YTliZDlhZGZhNjlhNDJl%0AMTk6DnJldHVybl90bzAiCmZsYXNoSUM6J0FjdGlvbkNvbnRyb2xsZXI6OkZs%0AYXNoOjpGbGFzaEhhc2h7AAY6CkB1c2VkewA6CXVzZXJpBg%3D%3D--7d39a56b58ff9f9516c5b7b393f03adb7ca5003e
  Parameters: {"action"=>"index", "controller"=>"account"}
  [4;36;1mUser Columns (0.175238)[0m   [0;1mSHOW FIELDS FROM `users`[0m
  [4;35;1mUser Load (0.175209)[0m   [0mSELECT * FROM `users` WHERE (`users`.`id` = 1) LIMIT 1[0m
Rendering account/index
Completed in 0.37095 (2 reqs/sec) | Rendering: 0.00616 (1%) | DB: 0.35045 (94%) | 200 OK [http://localhost/account]


Processing AccountController#index (for 127.0.0.1 at 2009-02-09 02:24:39) [GET]
  Session ID: BAh7CToOcmV0dXJuX3RvMDoMY3NyZl9pZCIlOTlkMzg0Y2FhMDliZWQ2YTli%0AZDlhZGZhNjlhNDJlMTkiCmZsYXNoSUM6J0FjdGlvbkNvbnRyb2xsZXI6OkZs%0AYXNoOjpGbGFzaEhhc2h7AAY6CkB1c2VkewA6CXVzZXJpBg%3D%3D--28be477a1b1f7d5984731384c0358d3ae3e34f7b
  Parameters: {"action"=>"index", "controller"=>"account"}
  [4;36;1mUser Columns (0.174238)[0m   [0;1mSHOW FIELDS FROM `users`[0m
  [4;35;1mUser Load (0.174633)[0m   [0mSELECT * FROM `users` WHERE (`users`.`id` = 1) LIMIT 1[0m
Rendering account/index
Completed in 0.37393 (2 reqs/sec) | Rendering: 0.00588 (1%) | DB: 0.34887 (93%) | 200 OK [http://localhost/account]


Processing AccountController#logout (for 127.0.0.1 at 2009-02-09 02:26:14) [GET]
  Session ID: BAh7CToMY3NyZl9pZCIlOTlkMzg0Y2FhMDliZWQ2YTliZDlhZGZhNjlhNDJl%0AMTk6DnJldHVybl90bzAiCmZsYXNoSUM6J0FjdGlvbkNvbnRyb2xsZXI6OkZs%0AYXNoOjpGbGFzaEhhc2h7AAY6CkB1c2VkewA6CXVzZXJpBg%3D%3D--7d39a56b58ff9f9516c5b7b393f03adb7ca5003e
  Parameters: {"action"=>"logout", "controller"=>"account"}
  [4;36;1mUser Columns (0.176643)[0m   [0;1mSHOW FIELDS FROM `users`[0m
  [4;35;1mUser Load (0.189140)[0m   [0mSELECT * FROM `users` WHERE (`users`.`id` = 1) LIMIT 1[0m
  [4;36;1mSQL (0.175169)[0m   [0;1mBEGIN[0m
  [4;35;1mUser Update with optimistic locking (0.179021)[0m   [0m UPDATE users
 SET `created_at` = '2009-02-09 02:24:15', `login` = 'tiagoluchini', `crypted_password` = '7194fc50951dbcf559874f7b11decf5f0d9ae7b4', `remember_token_expires_at` = NULL, `salt` = 'a4d879171d0231a3929a3e5727ac248cc9898f29', `lock_version` = 1, `remember_token` = NULL, `email` = 'info@tiagoluchini.eu', `updated_at` = '2009-02-09 02:26:15'
 WHERE id = 1
 AND `lock_version` = 0
[0m
  [4;36;1mSQL (0.211132)[0m   [0;1mCOMMIT[0m
Cookie set: auth_token=; path=/; expires=Thu, 01 Jan 1970 00:00:00 GMT
Redirected to http://localhost:3000/account
Completed in 1.03590 (0 reqs/sec) | DB: 0.93111 (89%) | 302 Found [http://localhost/account/logout]


Processing AccountController#index (for 127.0.0.1 at 2009-02-09 02:26:16) [GET]
  Session ID: BAh7BzoOcmV0dXJuX3RvMCIKZmxhc2hJQzonQWN0aW9uQ29udHJvbGxlcjo6%0ARmxhc2g6OkZsYXNoSGFzaHsGOgtub3RpY2UiHllvdSBoYXZlIGJlZW4gbG9n%0AZ2VkIG91dC4GOgpAdXNlZHsGOwdU--77a2dea296e7018ab79c7abdbe5a1fe9521660d2
  Parameters: {"action"=>"index", "controller"=>"account"}
  [4;35;1mUser Columns (0.182806)[0m   [0mSHOW FIELDS FROM `users`[0m
  [4;36;1mSQL (0.176831)[0m   [0;1mSELECT count(*) AS count_all FROM `users` [0m
Rendering account/index
Completed in 0.57654 (1 reqs/sec) | Rendering: 0.00625 (1%) | DB: 0.35964 (62%) | 200 OK [http://localhost/account]


Processing AccountController#logout (for 127.0.0.1 at 2009-02-09 02:26:47) [GET]
  Session ID: BAh7BzoOcmV0dXJuX3RvMCIKZmxhc2hJQzonQWN0aW9uQ29udHJvbGxlcjo6%0ARmxhc2g6OkZsYXNoSGFzaHsABjoKQHVzZWR7AA%3D%3D--c16042e44395f33573c507c5f482b8d9f2ff9b01
  Parameters: {"action"=>"logout", "controller"=>"account"}
Cookie set: auth_token=; path=/; expires=Thu, 01 Jan 1970 00:00:00 GMT
Redirected to http://localhost:3000/account
Completed in 0.00624 (160 reqs/sec) | DB: 0.00000 (0%) | 302 Found [http://localhost/account/logout]


Processing AccountController#index (for 127.0.0.1 at 2009-02-09 02:26:47) [GET]
  Session ID: BAh7BzoOcmV0dXJuX3RvMCIKZmxhc2hJQzonQWN0aW9uQ29udHJvbGxlcjo6%0ARmxhc2g6OkZsYXNoSGFzaHsGOgtub3RpY2UiHllvdSBoYXZlIGJlZW4gbG9n%0AZ2VkIG91dC4GOgpAdXNlZHsGOwdU--77a2dea296e7018ab79c7abdbe5a1fe9521660d2
  Parameters: {"action"=>"index", "controller"=>"account"}
  [4;35;1mUser Columns (0.175265)[0m   [0mSHOW FIELDS FROM `users`[0m
  [4;36;1mSQL (0.178198)[0m   [0;1mSELECT count(*) AS count_all FROM `users` [0m
Rendering account/index
Completed in 0.37351 (2 reqs/sec) | Rendering: 0.00630 (1%) | DB: 0.35346 (94%) | 200 OK [http://localhost/account]


Processing AccountController#login (for 127.0.0.1 at 2009-02-09 02:26:58) [GET]
  Session ID: BAh7BzoOcmV0dXJuX3RvMCIKZmxhc2hJQzonQWN0aW9uQ29udHJvbGxlcjo6%0ARmxhc2g6OkZsYXNoSGFzaHsABjoKQHVzZWR7AA%3D%3D--c16042e44395f33573c507c5f482b8d9f2ff9b01
  Parameters: {"action"=>"login", "controller"=>"account"}
Rendering account/login
Completed in 0.00634 (157 reqs/sec) | Rendering: 0.00329 (51%) | DB: 0.00000 (0%) | 200 OK [http://localhost/account/login]


Processing AccountController#index (for 127.0.0.1 at 2009-02-09 02:27:01) [GET]
  Session ID: BAh7CDoMY3NyZl9pZCIlYmVkMjZjZTliMjBmOTU2NDRiZjkwMzg2YTFjZWU0%0AMTA6DnJldHVybl90bzAiCmZsYXNoSUM6J0FjdGlvbkNvbnRyb2xsZXI6OkZs%0AYXNoOjpGbGFzaEhhc2h7AAY6CkB1c2VkewA%3D--924be23d883dddaf1b319e3f3d3c308a70b01c23
  Parameters: {"action"=>"index", "controller"=>"account"}
  [4;35;1mUser Columns (0.174984)[0m   [0mSHOW FIELDS FROM `users`[0m
  [4;36;1mSQL (0.173691)[0m   [0;1mSELECT count(*) AS count_all FROM `users` [0m
Rendering account/index
Completed in 0.36741 (2 reqs/sec) | Rendering: 0.00625 (1%) | DB: 0.34867 (94%) | 200 OK [http://localhost/account]


Processing AccountController#logout (for 127.0.0.1 at 2009-02-09 02:27:10) [GET]
  Session ID: BAh7CDoOcmV0dXJuX3RvMDoMY3NyZl9pZCIlYmVkMjZjZTliMjBmOTU2NDRi%0AZjkwMzg2YTFjZWU0MTAiCmZsYXNoSUM6J0FjdGlvbkNvbnRyb2xsZXI6OkZs%0AYXNoOjpGbGFzaEhhc2h7AAY6CkB1c2VkewA%3D--29d69cab26e684de0393bef8652696a606f4df5a
  Parameters: {"action"=>"logout", "controller"=>"account"}
Cookie set: auth_token=; path=/; expires=Thu, 01 Jan 1970 00:00:00 GMT
Redirected to http://localhost:3000/account
Completed in 0.00540 (185 reqs/sec) | DB: 0.00000 (0%) | 302 Found [http://localhost/account/logout]


Processing AccountController#index (for 127.0.0.1 at 2009-02-09 02:27:10) [GET]
  Session ID: BAh7BzoOcmV0dXJuX3RvMCIKZmxhc2hJQzonQWN0aW9uQ29udHJvbGxlcjo6%0ARmxhc2g6OkZsYXNoSGFzaHsGOgtub3RpY2UiHllvdSBoYXZlIGJlZW4gbG9n%0AZ2VkIG91dC4GOgpAdXNlZHsGOwdU--77a2dea296e7018ab79c7abdbe5a1fe9521660d2
  Parameters: {"action"=>"index", "controller"=>"account"}
  [4;35;1mUser Columns (0.174366)[0m   [0mSHOW FIELDS FROM `users`[0m
  [4;36;1mSQL (0.188210)[0m   [0;1mSELECT count(*) AS count_all FROM `users` [0m
Rendering account/index
Completed in 0.38674 (2 reqs/sec) | Rendering: 0.00640 (1%) | DB: 0.36258 (93%) | 200 OK [http://localhost/account]


Processing AccountController#logout (for 127.0.0.1 at 2009-02-09 02:27:44) [GET]
  Session ID: BAh7BzoOcmV0dXJuX3RvMCIKZmxhc2hJQzonQWN0aW9uQ29udHJvbGxlcjo6%0ARmxhc2g6OkZsYXNoSGFzaHsABjoKQHVzZWR7AA%3D%3D--c16042e44395f33573c507c5f482b8d9f2ff9b01
  Parameters: {"action"=>"logout", "controller"=>"account"}
Cookie set: auth_token=; path=/; expires=Thu, 01 Jan 1970 00:00:00 GMT


ActionController::MissingTemplate (Missing template account/logout.html.erb in view path /home/luchini/ruby/weight_control/app/views):
    /vendor/rails/actionpack/lib/action_controller/base.rb:1269:in `assert_existence_of_template_file'
    /vendor/rails/actionpack/lib/action_controller/base.rb:1098:in `render_for_file'
    /vendor/rails/actionpack/lib/action_controller/base.rb:836:in `render_with_no_layout'
    /vendor/rails/actionpack/lib/action_controller/layout.rb:270:in `render_without_benchmark'
    /vendor/rails/actionpack/lib/action_controller/benchmarking.rb:51:in `render'
    /usr/lib/ruby/1.8/benchmark.rb:293:in `measure'
    /vendor/rails/actionpack/lib/action_controller/benchmarking.rb:51:in `render'
    /vendor/rails/actionpack/lib/action_controller/base.rb:1153:in `default_render'
    /vendor/rails/actionpack/lib/action_controller/base.rb:1159:in `perform_action_without_filters'
    /vendor/rails/actionpack/lib/action_controller/filters.rb:697:in `call_filters'
    /vendor/rails/actionpack/lib/action_controller/filters.rb:689:in `perform_action_without_benchmark'
    /vendor/rails/actionpack/lib/action_controller/benchmarking.rb:68:in `perform_action_without_rescue'
    /usr/lib/ruby/1.8/benchmark.rb:293:in `measure'
    /vendor/rails/actionpack/lib/action_controller/benchmarking.rb:68:in `perform_action_without_rescue'
    /vendor/rails/actionpack/lib/action_controller/rescue.rb:199:in `perform_action_without_caching'
    /vendor/rails/actionpack/lib/action_controller/caching.rb:678:in `perform_action'
    /vendor/rails/activerecord/lib/active_record/connection_adapters/abstract/query_cache.rb:33:in `cache'
    /vendor/rails/activerecord/lib/active_record/query_cache.rb:8:in `cache'
    /vendor/rails/actionpack/lib/action_controller/caching.rb:677:in `perform_action'
    /vendor/rails/actionpack/lib/action_controller/base.rb:524:in `send'
    /vendor/rails/actionpack/lib/action_controller/base.rb:524:in `process_without_filters'
    /vendor/rails/actionpack/lib/action_controller/filters.rb:685:in `process_without_session_management_support'
    /vendor/rails/actionpack/lib/action_controller/session_management.rb:123:in `process'
    /vendor/rails/actionpack/lib/action_controller/base.rb:388:in `process'
    /vendor/rails/actionpack/lib/action_controller/dispatcher.rb:171:in `handle_request'
    /vendor/rails/actionpack/lib/action_controller/dispatcher.rb:115:in `dispatch'
    /vendor/rails/actionpack/lib/action_controller/dispatcher.rb:126:in `dispatch_cgi'
    /vendor/rails/actionpack/lib/action_controller/dispatcher.rb:9:in `dispatch'
    /vendor/rails/railties/lib/webrick_server.rb:112:in `handle_dispatch'
    /vendor/rails/railties/lib/webrick_server.rb:78:in `service'
    /usr/lib/ruby/1.8/webrick/httpserver.rb:104:in `service'
    /usr/lib/ruby/1.8/webrick/httpserver.rb:65:in `run'
    /usr/lib/ruby/1.8/webrick/server.rb:173:in `start_thread'
    /usr/lib/ruby/1.8/webrick/server.rb:162:in `start'
    /usr/lib/ruby/1.8/webrick/server.rb:162:in `start_thread'
    /usr/lib/ruby/1.8/webrick/server.rb:95:in `start'
    /usr/lib/ruby/1.8/webrick/server.rb:92:in `each'
    /usr/lib/ruby/1.8/webrick/server.rb:92:in `start'
    /usr/lib/ruby/1.8/webrick/server.rb:23:in `start'
    /usr/lib/ruby/1.8/webrick/server.rb:82:in `start'
    /vendor/rails/railties/lib/webrick_server.rb:62:in `dispatch'
    /vendor/rails/railties/lib/commands/servers/webrick.rb:66
    /usr/local/lib/site_ruby/1.8/rubygems/custom_require.rb:31:in `gem_original_require'
    /usr/local/lib/site_ruby/1.8/rubygems/custom_require.rb:31:in `require'
    /vendor/rails/activesupport/lib/active_support/dependencies.rb:496:in `require'
    /vendor/rails/activesupport/lib/active_support/dependencies.rb:342:in `new_constants_in'
    /vendor/rails/activesupport/lib/active_support/dependencies.rb:496:in `require'
    /vendor/rails/railties/lib/commands/server.rb:39
    script/server:3:in `require'
    script/server:3

Rendering /home/luchini/ruby/weight_control/vendor/rails/actionpack/lib/action_controller/templates/rescues/layout.erb (internal_server_error)


Processing AccountController#index (for 127.0.0.1 at 2009-02-09 02:27:49) [GET]
  Session ID: BAh7BiIKZmxhc2hJQzonQWN0aW9uQ29udHJvbGxlcjo6Rmxhc2g6OkZsYXNo%0ASGFzaHsGOgtub3RpY2UiHllvdSBoYXZlIGJlZW4gbG9nZ2VkIG91dC4GOgpA%0AdXNlZHsGOwZU--7f6b521417b4c9f63d82f1b0a5a1b40afd633db8
  Parameters: {"action"=>"index", "controller"=>"account"}
  [4;35;1mUser Columns (0.178514)[0m   [0mSHOW FIELDS FROM `users`[0m
  [4;36;1mSQL (0.172655)[0m   [0;1mSELECT count(*) AS count_all FROM `users` [0m
Rendering account/index
Completed in 0.38240 (2 reqs/sec) | Rendering: 0.00622 (1%) | DB: 0.35117 (91%) | 200 OK [http://localhost/account]


Processing AccountController#index (for 127.0.0.1 at 2009-02-09 02:29:14) [GET]
  Session ID: BAh7BiIKZmxhc2hJQzonQWN0aW9uQ29udHJvbGxlcjo6Rmxhc2g6OkZsYXNo%0ASGFzaHsABjoKQHVzZWR7AA%3D%3D--cf67efafedf126f663e6a8b03641f82146adc496
  Parameters: {"action"=>"index", "controller"=>"account"}
Redirected to http://localhost:3000/account/signup
Completed in 0.00718 (139 reqs/sec) | DB: 0.00000 (0%) | 302 Found [http://localhost/account]


Processing AccountController#signup (for 127.0.0.1 at 2009-02-09 02:29:14) [GET]
  Session ID: BAh7BiIKZmxhc2hJQzonQWN0aW9uQ29udHJvbGxlcjo6Rmxhc2g6OkZsYXNo%0ASGFzaHsABjoKQHVzZWR7AA%3D%3D--cf67efafedf126f663e6a8b03641f82146adc496
  Parameters: {"action"=>"signup", "controller"=>"account"}
  [4;35;1mUser Columns (0.186729)[0m   [0mSHOW FIELDS FROM `users`[0m
Rendering account/signup
Completed in 0.23320 (4 reqs/sec) | Rendering: 0.01565 (6%) | DB: 0.18673 (80%) | 200 OK [http://localhost/account/signup]


Processing AccountController#login (for 127.0.0.1 at 2009-02-09 02:29:31) [GET]
  Session ID: BAh7BzoMY3NyZl9pZCIlNmRkMDdmNmEwNTM5ZjNjZDI1ZTIzN2E0YTE2NTE2%0ANjgiCmZsYXNoSUM6J0FjdGlvbkNvbnRyb2xsZXI6OkZsYXNoOjpGbGFzaEhh%0Ac2h7AAY6CkB1c2VkewA%3D--5dee8405912ac6edc8bf9cac61deaa434aecb280
  Parameters: {"action"=>"login", "controller"=>"account"}
Rendering account/login
Completed in 0.01397 (71 reqs/sec) | Rendering: 0.00580 (41%) | DB: 0.00000 (0%) | 200 OK [http://localhost/account/login]


Processing AccountController#login (for 127.0.0.1 at 2009-02-09 02:29:36) [POST]
  Session ID: BAh7BzoMY3NyZl9pZCIlNmRkMDdmNmEwNTM5ZjNjZDI1ZTIzN2E0YTE2NTE2%0ANjgiCmZsYXNoSUM6J0FjdGlvbkNvbnRyb2xsZXI6OkZsYXNoOjpGbGFzaEhh%0Ac2h7AAY6CkB1c2VkewA%3D--5dee8405912ac6edc8bf9cac61deaa434aecb280
  Parameters: {"commit"=>"Log in", "authenticity_token"=>"73dcfa8541118036fdb8c3529d837d634551c058", "action"=>"login", "controller"=>"account", "password"=>"pimpao", "login"=>"tiago"}
  [4;36;1mUser Columns (0.181119)[0m   [0;1mSHOW FIELDS FROM `users`[0m
  [4;35;1mUser Load (0.174839)[0m   [0mSELECT * FROM `users` WHERE (`users`.`login` = 'tiago') LIMIT 1[0m
Rendering account/login
Completed in 0.38147 (2 reqs/sec) | Rendering: 0.00538 (1%) | DB: 0.35596 (93%) | 200 OK [http://localhost/account/login]


Processing AccountController#login (for 127.0.0.1 at 2009-02-09 02:29:41) [POST]
  Session ID: BAh7CDoMY3NyZl9pZCIlNmRkMDdmNmEwNTM5ZjNjZDI1ZTIzN2E0YTE2NTE2%0ANjgiCmZsYXNoSUM6J0FjdGlvbkNvbnRyb2xsZXI6OkZsYXNoOjpGbGFzaEhh%0Ac2h7AAY6CkB1c2VkewA6CXVzZXIw--d722e2654b7211109ad47a561de767038de1541c
  Parameters: {"commit"=>"Log in", "authenticity_token"=>"73dcfa8541118036fdb8c3529d837d634551c058", "action"=>"login", "controller"=>"account", "password"=>"pimpao", "login"=>"tiagoluchini"}
  [4;36;1mUser Columns (0.175241)[0m   [0;1mSHOW FIELDS FROM `users`[0m
  [4;35;1mUser Load (0.174745)[0m   [0mSELECT * FROM `users` WHERE (`users`.`login` = 'tiagoluchini') LIMIT 1[0m
Redirected to http://localhost:3000/account
Completed in 0.57009 (1 reqs/sec) | DB: 0.34999 (61%) | 302 Found [http://localhost/account/login]


Processing AccountController#index (for 127.0.0.1 at 2009-02-09 02:29:41) [GET]
  Session ID: BAh7CToOcmV0dXJuX3RvMDoMY3NyZl9pZCIlNmRkMDdmNmEwNTM5ZjNjZDI1%0AZTIzN2E0YTE2NTE2NjgiCmZsYXNoSUM6J0FjdGlvbkNvbnRyb2xsZXI6OkZs%0AYXNoOjpGbGFzaEhhc2h7BjoLbm90aWNlIhtMb2dnZWQgaW4gc3VjY2Vzc2Z1%0AbGx5BjoKQHVzZWR7BjsIVDoJdXNlcmkG--29701ef102178c27a12d10502ba66ae9c4d33794
  Parameters: {"action"=>"index", "controller"=>"account"}
  [4;36;1mUser Columns (0.176127)[0m   [0;1mSHOW FIELDS FROM `users`[0m
  [4;35;1mUser Load (0.174504)[0m   [0mSELECT * FROM `users` WHERE (`users`.`id` = 1) LIMIT 1[0m
Rendering account/index
Completed in 0.37272 (2 reqs/sec) | Rendering: 0.00623 (1%) | DB: 0.35063 (94%) | 200 OK [http://localhost/account]


Processing AccountController#logout (for 127.0.0.1 at 2009-02-09 02:29:47) [GET]
  Session ID: BAh7CToMY3NyZl9pZCIlNmRkMDdmNmEwNTM5ZjNjZDI1ZTIzN2E0YTE2NTE2%0ANjg6DnJldHVybl90bzAiCmZsYXNoSUM6J0FjdGlvbkNvbnRyb2xsZXI6OkZs%0AYXNoOjpGbGFzaEhhc2h7AAY6CkB1c2VkewA6CXVzZXJpBg%3D%3D--03a253b546786855633a947e8d05b2ee1a67ded7
  Parameters: {"action"=>"logout", "controller"=>"account"}
  [4;36;1mUser Columns (0.177999)[0m   [0;1mSHOW FIELDS FROM `users`[0m
  [4;35;1mUser Load (0.174869)[0m   [0mSELECT * FROM `users` WHERE (`users`.`id` = 1) LIMIT 1[0m
  [4;36;1mSQL (0.173227)[0m   [0;1mBEGIN[0m
  [4;35;1mUser Update with optimistic locking (0.174069)[0m   [0m UPDATE users
 SET `created_at` = '2009-02-09 02:24:15', `login` = 'tiagoluchini', `crypted_password` = '7194fc50951dbcf559874f7b11decf5f0d9ae7b4', `remember_token_expires_at` = NULL, `salt` = 'a4d879171d0231a3929a3e5727ac248cc9898f29', `lock_version` = 2, `remember_token` = NULL, `email` = 'info@tiagoluchini.eu', `updated_at` = '2009-02-09 02:29:48'
 WHERE id = 1
 AND `lock_version` = 1
[0m
  [4;36;1mSQL (0.188729)[0m   [0;1mCOMMIT[0m
Cookie set: auth_token=; path=/; expires=Thu, 01 Jan 1970 00:00:00 GMT


ActionController::MissingTemplate (Missing template account/logout.html.erb in view path /home/luchini/ruby/weight_control/app/views):
    /vendor/rails/actionpack/lib/action_controller/base.rb:1269:in `assert_existence_of_template_file'
    /vendor/rails/actionpack/lib/action_controller/base.rb:1098:in `render_for_file'
    /vendor/rails/actionpack/lib/action_controller/base.rb:836:in `render_with_no_layout'
    /vendor/rails/actionpack/lib/action_controller/layout.rb:270:in `render_without_benchmark'
    /vendor/rails/actionpack/lib/action_controller/benchmarking.rb:51:in `render'
    /usr/lib/ruby/1.8/benchmark.rb:293:in `measure'
    /vendor/rails/actionpack/lib/action_controller/benchmarking.rb:51:in `render'
    /vendor/rails/actionpack/lib/action_controller/base.rb:1153:in `default_render'
    /vendor/rails/actionpack/lib/action_controller/base.rb:1159:in `perform_action_without_filters'
    /vendor/rails/actionpack/lib/action_controller/filters.rb:697:in `call_filters'
    /vendor/rails/actionpack/lib/action_controller/filters.rb:689:in `perform_action_without_benchmark'
    /vendor/rails/actionpack/lib/action_controller/benchmarking.rb:68:in `perform_action_without_rescue'
    /usr/lib/ruby/1.8/benchmark.rb:293:in `measure'
    /vendor/rails/actionpack/lib/action_controller/benchmarking.rb:68:in `perform_action_without_rescue'
    /vendor/rails/actionpack/lib/action_controller/rescue.rb:199:in `perform_action_without_caching'
    /vendor/rails/actionpack/lib/action_controller/caching.rb:678:in `perform_action'
    /vendor/rails/activerecord/lib/active_record/connection_adapters/abstract/query_cache.rb:33:in `cache'
    /vendor/rails/activerecord/lib/active_record/query_cache.rb:8:in `cache'
    /vendor/rails/actionpack/lib/action_controller/caching.rb:677:in `perform_action'
    /vendor/rails/actionpack/lib/action_controller/base.rb:524:in `send'
    /vendor/rails/actionpack/lib/action_controller/base.rb:524:in `process_without_filters'
    /vendor/rails/actionpack/lib/action_controller/filters.rb:685:in `process_without_session_management_support'
    /vendor/rails/actionpack/lib/action_controller/session_management.rb:123:in `process'
    /vendor/rails/actionpack/lib/action_controller/base.rb:388:in `process'
    /vendor/rails/actionpack/lib/action_controller/dispatcher.rb:171:in `handle_request'
    /vendor/rails/actionpack/lib/action_controller/dispatcher.rb:115:in `dispatch'
    /vendor/rails/actionpack/lib/action_controller/dispatcher.rb:126:in `dispatch_cgi'
    /vendor/rails/actionpack/lib/action_controller/dispatcher.rb:9:in `dispatch'
    /vendor/rails/railties/lib/webrick_server.rb:112:in `handle_dispatch'
    /vendor/rails/railties/lib/webrick_server.rb:78:in `service'
    /usr/lib/ruby/1.8/webrick/httpserver.rb:104:in `service'
    /usr/lib/ruby/1.8/webrick/httpserver.rb:65:in `run'
    /usr/lib/ruby/1.8/webrick/server.rb:173:in `start_thread'
    /usr/lib/ruby/1.8/webrick/server.rb:162:in `start'
    /usr/lib/ruby/1.8/webrick/server.rb:162:in `start_thread'
    /usr/lib/ruby/1.8/webrick/server.rb:95:in `start'
    /usr/lib/ruby/1.8/webrick/server.rb:92:in `each'
    /usr/lib/ruby/1.8/webrick/server.rb:92:in `start'
    /usr/lib/ruby/1.8/webrick/server.rb:23:in `start'
    /usr/lib/ruby/1.8/webrick/server.rb:82:in `start'
    /vendor/rails/railties/lib/webrick_server.rb:62:in `dispatch'
    /vendor/rails/railties/lib/commands/servers/webrick.rb:66
    /usr/local/lib/site_ruby/1.8/rubygems/custom_require.rb:31:in `gem_original_require'
    /usr/local/lib/site_ruby/1.8/rubygems/custom_require.rb:31:in `require'
    /vendor/rails/activesupport/lib/active_support/dependencies.rb:496:in `require'
    /vendor/rails/activesupport/lib/active_support/dependencies.rb:342:in `new_constants_in'
    /vendor/rails/activesupport/lib/active_support/dependencies.rb:496:in `require'
    /vendor/rails/railties/lib/commands/server.rb:39
    script/server:3:in `require'
    script/server:3

Rendering /home/luchini/ruby/weight_control/vendor/rails/actionpack/lib/action_controller/templates/rescues/layout.erb (internal_server_error)


Processing AccountController#logout (for 127.0.0.1 at 2009-02-09 02:29:53) [GET]
  Session ID: BAh7BiIKZmxhc2hJQzonQWN0aW9uQ29udHJvbGxlcjo6Rmxhc2g6OkZsYXNo%0ASGFzaHsGOgtub3RpY2UiHllvdSBoYXZlIGJlZW4gbG9nZ2VkIG91dC4GOgpA%0AdXNlZHsGOwZU--7f6b521417b4c9f63d82f1b0a5a1b40afd633db8
  Parameters: {"action"=>"logout", "controller"=>"account"}
Cookie set: auth_token=; path=/; expires=Thu, 01 Jan 1970 00:00:00 GMT
Redirected to http://localhost:3000/account
Completed in 0.00456 (219 reqs/sec) | DB: 0.00000 (0%) | 302 Found [http://localhost/account/logout]


Processing AccountController#index (for 127.0.0.1 at 2009-02-09 02:29:53) [GET]
  Session ID: BAh7BzoOcmV0dXJuX3RvMCIKZmxhc2hJQzonQWN0aW9uQ29udHJvbGxlcjo6%0ARmxhc2g6OkZsYXNoSGFzaHsGOgtub3RpY2UiHllvdSBoYXZlIGJlZW4gbG9n%0AZ2VkIG91dC4GOgpAdXNlZHsGOwdU--77a2dea296e7018ab79c7abdbe5a1fe9521660d2
  Parameters: {"action"=>"index", "controller"=>"account"}
Redirected to http://localhost:3000/account/signup
Completed in 0.00332 (301 reqs/sec) | DB: 0.00000 (0%) | 302 Found [http://localhost/account]


Processing AccountController#signup (for 127.0.0.1 at 2009-02-09 02:29:53) [GET]
  Session ID: BAh7BzoOcmV0dXJuX3RvMCIKZmxhc2hJQzonQWN0aW9uQ29udHJvbGxlcjo6%0ARmxhc2g6OkZsYXNoSGFzaHsABjoKQHVzZWR7AA%3D%3D--c16042e44395f33573c507c5f482b8d9f2ff9b01
  Parameters: {"action"=>"signup", "controller"=>"account"}
  [4;35;1mUser Columns (0.183233)[0m   [0mSHOW FIELDS FROM `users`[0m
Rendering account/signup
Completed in 0.20799 (4 reqs/sec) | Rendering: 0.01187 (5%) | DB: 0.18323 (88%) | 200 OK [http://localhost/account/signup]


Processing AccountController#login (for 127.0.0.1 at 2009-02-09 02:30:02) [GET]
  Session ID: BAh7CDoMY3NyZl9pZCIlOTRiMjQwYjNjZTZjYTUyMzkxMzU1MDQxYzNlMzFk%0AODM6DnJldHVybl90bzAiCmZsYXNoSUM6J0FjdGlvbkNvbnRyb2xsZXI6OkZs%0AYXNoOjpGbGFzaEhhc2h7AAY6CkB1c2VkewA%3D--6f1b8e50290e810aabc17d085bc2fd92eccfb0df
  Parameters: {"action"=>"login", "controller"=>"account"}
Rendering account/login
Completed in 0.01789 (55 reqs/sec) | Rendering: 0.00550 (30%) | DB: 0.00000 (0%) | 200 OK [http://localhost/account/login]


Processing AccountController#login (for 127.0.0.1 at 2009-02-09 02:30:06) [POST]
  Session ID: BAh7CDoOcmV0dXJuX3RvMDoMY3NyZl9pZCIlOTRiMjQwYjNjZTZjYTUyMzkx%0AMzU1MDQxYzNlMzFkODMiCmZsYXNoSUM6J0FjdGlvbkNvbnRyb2xsZXI6OkZs%0AYXNoOjpGbGFzaEhhc2h7AAY6CkB1c2VkewA%3D--65951e4dd19cf2650bdfb428666e10db71aa5d6a
  Parameters: {"commit"=>"Log in", "authenticity_token"=>"5b2332119bfc8e293528274cb91859375a2dd2be", "action"=>"login", "controller"=>"account", "password"=>"pimpao", "login"=>"tiagoluchini"}
  [4;36;1mUser Columns (0.188287)[0m   [0;1mSHOW FIELDS FROM `users`[0m
  [4;35;1mUser Load (0.174523)[0m   [0mSELECT * FROM `users` WHERE (`users`.`login` = 'tiagoluchini') LIMIT 1[0m
Redirected to http://localhost:3000/account
Completed in 0.40177 (2 reqs/sec) | DB: 0.36281 (90%) | 302 Found [http://localhost/account/login]


Processing AccountController#index (for 127.0.0.1 at 2009-02-09 02:30:07) [GET]
  Session ID: BAh7CToMY3NyZl9pZCIlOTRiMjQwYjNjZTZjYTUyMzkxMzU1MDQxYzNlMzFk%0AODM6DnJldHVybl90bzAiCmZsYXNoSUM6J0FjdGlvbkNvbnRyb2xsZXI6OkZs%0AYXNoOjpGbGFzaEhhc2h7BjoLbm90aWNlIhtMb2dnZWQgaW4gc3VjY2Vzc2Z1%0AbGx5BjoKQHVzZWR7BjsIVDoJdXNlcmkG--0a88eacad9fd6fc5721bea764ed7c334ea0debd4
  Parameters: {"action"=>"index", "controller"=>"account"}
  [4;36;1mUser Columns (0.186189)[0m   [0;1mSHOW FIELDS FROM `users`[0m
  [4;35;1mUser Load (0.274173)[0m   [0mSELECT * FROM `users` WHERE (`users`.`id` = 1) LIMIT 1[0m
Rendering account/index
Completed in 0.57225 (1 reqs/sec) | Rendering: 0.00629 (1%) | DB: 0.46036 (80%) | 200 OK [http://localhost/account]


Processing AccountController#logout (for 127.0.0.1 at 2009-02-09 02:30:13) [GET]
  Session ID: BAh7CToOcmV0dXJuX3RvMDoMY3NyZl9pZCIlOTRiMjQwYjNjZTZjYTUyMzkx%0AMzU1MDQxYzNlMzFkODMiCmZsYXNoSUM6J0FjdGlvbkNvbnRyb2xsZXI6OkZs%0AYXNoOjpGbGFzaEhhc2h7AAY6CkB1c2VkewA6CXVzZXJpBg%3D%3D--4dc8dda985761d08ffbf7966b581bb29ccfa589a
  Parameters: {"action"=>"logout", "controller"=>"account"}
  [4;36;1mUser Columns (0.174410)[0m   [0;1mSHOW FIELDS FROM `users`[0m
  [4;35;1mUser Load (0.176859)[0m   [0mSELECT * FROM `users` WHERE (`users`.`id` = 1) LIMIT 1[0m
  [4;36;1mSQL (0.179609)[0m   [0;1mBEGIN[0m
  [4;35;1mUser Update with optimistic locking (0.174321)[0m   [0m UPDATE users
 SET `created_at` = '2009-02-09 02:24:15', `login` = 'tiagoluchini', `crypted_password` = '7194fc50951dbcf559874f7b11decf5f0d9ae7b4', `remember_token_expires_at` = NULL, `salt` = 'a4d879171d0231a3929a3e5727ac248cc9898f29', `lock_version` = 3, `remember_token` = NULL, `email` = 'info@tiagoluchini.eu', `updated_at` = '2009-02-09 02:30:13'
 WHERE id = 1
 AND `lock_version` = 2
[0m
  [4;36;1mSQL (0.634629)[0m   [0;1mCOMMIT[0m
Cookie set: auth_token=; path=/; expires=Thu, 01 Jan 1970 00:00:00 GMT
Redirected to http://localhost:3000/account
Completed in 1.54191 (0 reqs/sec) | DB: 1.33983 (86%) | 302 Found [http://localhost/account/logout]


Processing AccountController#index (for 127.0.0.1 at 2009-02-09 02:30:14) [GET]
  Session ID: BAh7BzoOcmV0dXJuX3RvMCIKZmxhc2hJQzonQWN0aW9uQ29udHJvbGxlcjo6%0ARmxhc2g6OkZsYXNoSGFzaHsGOgtub3RpY2UiHllvdSBoYXZlIGJlZW4gbG9n%0AZ2VkIG91dC4GOgpAdXNlZHsGOwdU--77a2dea296e7018ab79c7abdbe5a1fe9521660d2
  Parameters: {"action"=>"index", "controller"=>"account"}
Redirected to http://localhost:3000/account/signup
Completed in 0.00893 (111 reqs/sec) | DB: 0.00000 (0%) | 302 Found [http://localhost/account]


Processing AccountController#signup (for 127.0.0.1 at 2009-02-09 02:30:14) [GET]
  Session ID: BAh7BzoOcmV0dXJuX3RvMCIKZmxhc2hJQzonQWN0aW9uQ29udHJvbGxlcjo6%0ARmxhc2g6OkZsYXNoSGFzaHsABjoKQHVzZWR7AA%3D%3D--c16042e44395f33573c507c5f482b8d9f2ff9b01
  Parameters: {"action"=>"signup", "controller"=>"account"}
  [4;35;1mUser Columns (0.175363)[0m   [0mSHOW FIELDS FROM `users`[0m
Rendering account/signup
Completed in 0.20382 (4 reqs/sec) | Rendering: 0.01562 (7%) | DB: 0.17536 (86%) | 200 OK [http://localhost/account/signup]


Processing AccountController#signup (for 127.0.0.1 at 2009-02-09 02:30:39) [GET]
  Session ID: BAh7CDoMY3NyZl9pZCIlMDk1OGI4ODdjMGYxNDQ5NTk3YjMyMjQ3NDc2MTg3%0ANTE6DnJldHVybl90bzAiCmZsYXNoSUM6J0FjdGlvbkNvbnRyb2xsZXI6OkZs%0AYXNoOjpGbGFzaEhhc2h7AAY6CkB1c2VkewA%3D--510669190f24f7d776c7fd42bdaa43397b1596d4
  Parameters: {"action"=>"signup", "controller"=>"account"}
  [4;36;1mUser Columns (0.174388)[0m   [0;1mSHOW FIELDS FROM `users`[0m
Rendering account/signup
Completed in 0.20941 (4 reqs/sec) | Rendering: 0.01116 (5%) | DB: 0.17439 (83%) | 200 OK [http://localhost/account/signup]


Processing AccountController#login (for 127.0.0.1 at 2009-02-09 02:30:43) [GET]
  Session ID: BAh7CDoOcmV0dXJuX3RvMDoMY3NyZl9pZCIlMDk1OGI4ODdjMGYxNDQ5NTk3%0AYjMyMjQ3NDc2MTg3NTEiCmZsYXNoSUM6J0FjdGlvbkNvbnRyb2xsZXI6OkZs%0AYXNoOjpGbGFzaEhhc2h7AAY6CkB1c2VkewA%3D--5ae91abd947a8958ed909ae737a486a6bf73eb4e
  Parameters: {"action"=>"login", "controller"=>"account"}
Rendering account/login
Completed in 0.01399 (71 reqs/sec) | Rendering: 0.00532 (38%) | DB: 0.00000 (0%) | 200 OK [http://localhost/account/login]


Processing AccountController#login (for 127.0.0.1 at 2009-02-09 02:30:48) [POST]
  Session ID: BAh7CDoMY3NyZl9pZCIlMDk1OGI4ODdjMGYxNDQ5NTk3YjMyMjQ3NDc2MTg3%0ANTE6DnJldHVybl90bzAiCmZsYXNoSUM6J0FjdGlvbkNvbnRyb2xsZXI6OkZs%0AYXNoOjpGbGFzaEhhc2h7AAY6CkB1c2VkewA%3D--510669190f24f7d776c7fd42bdaa43397b1596d4
  Parameters: {"commit"=>"Log in", "authenticity_token"=>"10400ac292ae028b147113b58710b07920ad20c0", "action"=>"login", "controller"=>"account", "password"=>"pimpao", "login"=>"tiagoluchini"}
  [4;35;1mUser Columns (0.175271)[0m   [0mSHOW FIELDS FROM `users`[0m
  [4;36;1mUser Load (0.175701)[0m   [0;1mSELECT * FROM `users` WHERE (`users`.`login` = 'tiagoluchini') LIMIT 1[0m
Redirected to http://localhost:3000/account
Completed in 0.40026 (2 reqs/sec) | DB: 0.35097 (87%) | 302 Found [http://localhost/account/login]


Processing AccountController#index (for 127.0.0.1 at 2009-02-09 02:30:49) [GET]
  Session ID: BAh7CToOcmV0dXJuX3RvMDoMY3NyZl9pZCIlMDk1OGI4ODdjMGYxNDQ5NTk3%0AYjMyMjQ3NDc2MTg3NTEiCmZsYXNoSUM6J0FjdGlvbkNvbnRyb2xsZXI6OkZs%0AYXNoOjpGbGFzaEhhc2h7BjoLbm90aWNlIhtMb2dnZWQgaW4gc3VjY2Vzc2Z1%0AbGx5BjoKQHVzZWR7BjsIVDoJdXNlcmkG--2ae834478279277a996ec48ab237c5f03541f8b8
  Parameters: {"action"=>"index", "controller"=>"account"}
  [4;35;1mUser Columns (0.174905)[0m   [0mSHOW FIELDS FROM `users`[0m
  [4;36;1mUser Load (0.174377)[0m   [0;1mSELECT * FROM `users` WHERE (`users`.`id` = 1) LIMIT 1[0m
Rendering account/index
Completed in 0.54751 (1 reqs/sec) | Rendering: 0.00615 (1%) | DB: 0.34928 (63%) | 200 OK [http://localhost/account]


Processing AccountController#index (for 127.0.0.1 at 2009-02-09 02:32:52) [GET]
  Session ID: BAh7CToMY3NyZl9pZCIlMDk1OGI4ODdjMGYxNDQ5NTk3YjMyMjQ3NDc2MTg3%0ANTE6DnJldHVybl90bzAiCmZsYXNoSUM6J0FjdGlvbkNvbnRyb2xsZXI6OkZs%0AYXNoOjpGbGFzaEhhc2h7AAY6CkB1c2VkewA6CXVzZXJpBg%3D%3D--bdb1eb7f2f22f24dde91743b14ccb4da0a026e1b
  Parameters: {"action"=>"index", "controller"=>"account"}
  [4;35;1mUser Columns (0.174988)[0m   [0mSHOW FIELDS FROM `users`[0m
  [4;36;1mUser Load (0.176023)[0m   [0;1mSELECT * FROM `users` WHERE (`users`.`id` = 1) LIMIT 1[0m
Rendering account/index
Completed in 0.37214 (2 reqs/sec) | Rendering: 0.00606 (1%) | DB: 0.35101 (94%) | 200 OK [http://localhost/account]


Processing AccountController#index (for 127.0.0.1 at 2009-02-09 02:32:54) [GET]
  Session ID: BAh7CToOcmV0dXJuX3RvMDoMY3NyZl9pZCIlMDk1OGI4ODdjMGYxNDQ5NTk3%0AYjMyMjQ3NDc2MTg3NTEiCmZsYXNoSUM6J0FjdGlvbkNvbnRyb2xsZXI6OkZs%0AYXNoOjpGbGFzaEhhc2h7AAY6CkB1c2VkewA6CXVzZXJpBg%3D%3D--8f797844064c664f932500b95aeeaf2bc3eb5206
  Parameters: {"action"=>"index", "controller"=>"account"}
  [4;35;1mUser Columns (0.179896)[0m   [0mSHOW FIELDS FROM `users`[0m
  [4;36;1mUser Load (0.174721)[0m   [0;1mSELECT * FROM `users` WHERE (`users`.`id` = 1) LIMIT 1[0m
Rendering account/index
Completed in 0.54596 (1 reqs/sec) | Rendering: 0.00248 (0%) | DB: 0.35462 (64%) | 200 OK [http://localhost/account]
  [4;36;1mSQL (0.172682)[0m   [0;1mSET NAMES 'utf8'[0m
  [4;35;1mSQL (0.173914)[0m   [0mSET SQL_AUTO_IS_NULL=0[0m
  [4;36;1mUser Load (0.202018)[0m   [0;1mSELECT * FROM `users` LIMIT 1[0m
  [4;35;1mUser Columns (0.180902)[0m   [0mSHOW FIELDS FROM `users`[0m
  [4;36;1mSQL (0.173016)[0m   [0;1mBEGIN[0m
  [4;35;1mUser Load (0.173797)[0m   [0mSELECT * FROM `users` WHERE (LOWER(users.login) = 'tiagoluchini') LIMIT 1[0m
  [4;36;1mUser Load (0.173804)[0m   [0;1mSELECT * FROM `users` WHERE (LOWER(users.email) = 'info@tiagoluchini.eu') LIMIT 1[0m
  [4;35;1mSQL (0.172307)[0m   [0mCOMMIT[0m
  [4;36;1mUser Load (0.184166)[0m   [0;1mSELECT * FROM `users` LIMIT 1[0m
  [4;35;1mSQL (0.173344)[0m   [0mBEGIN[0m
  [4;36;1mUser Load (0.177306)[0m   [0;1mSELECT * FROM `users` WHERE (LOWER(users.login) = 'tiagoluchini') LIMIT 1[0m
  [4;35;1mUser Load (0.175626)[0m   [0mSELECT * FROM `users` WHERE (LOWER(users.email) = 'info@tiagoluchini.eu') LIMIT 1[0m
  [4;36;1mSQL (0.173415)[0m   [0;1mCOMMIT[0m
  [4;36;1mSQL (0.172522)[0m   [0;1mSET NAMES 'utf8'[0m
  [4;35;1mSQL (0.172338)[0m   [0mSET SQL_AUTO_IS_NULL=0[0m
  [4;36;1mUser Columns (0.202686)[0m   [0;1mSHOW FIELDS FROM `users`[0m
  [4;35;1mSQL (0.172441)[0m   [0mBEGIN[0m
  [4;36;1mUser Load (0.175316)[0m   [0;1mSELECT * FROM `users` WHERE (LOWER(users.login) = 'tiagoluchini') LIMIT 1[0m
  [4;35;1mUser Load (0.174865)[0m   [0mSELECT * FROM `users` WHERE (LOWER(users.email) = 'info@tiagoluchini.eu') LIMIT 1[0m
  [4;36;1mUser Create (0.177168)[0m   [0;1mINSERT INTO `users` (`salt`, `updated_at`, `crypted_password`, `lock_version`, `remember_token_expires_at`, `remember_token`, `login`, `created_at`, `email`) VALUES('6f686516b1a43d6101f63f3271ea7c0de664eb89', '2009-02-09 02:56:39', 'b71084a6f973286309c71a34b23a762283c4f1bb', 0, NULL, NULL, 'tiagoluchini', '2009-02-09 02:56:39', 'info@tiagoluchini.eu')[0m
  [4;35;1mSQL (0.300762)[0m   [0mCOMMIT[0m
  [4;36;1mUser Load (0.181223)[0m   [0;1mSELECT * FROM `users` WHERE (`users`.`id` = 1) [0m
  [4;35;1mTarget Load (0.173828)[0m   [0mSELECT * FROM `targets` WHERE (targets.user_id = 1) [0m
  [4;36;1mLog Load (0.173681)[0m   [0;1mSELECT * FROM `logs` WHERE (logs.user_id = 1) [0m
  [4;36;1mSQL (0.174227)[0m   [0;1mSET NAMES 'utf8'[0m
  [4;35;1mSQL (0.178788)[0m   [0mSET SQL_AUTO_IS_NULL=0[0m
  [4;36;1mUser Columns (0.175674)[0m   [0;1mSHOW FIELDS FROM `users`[0m
  [4;35;1mSQL (0.172841)[0m   [0mBEGIN[0m
  [4;36;1mUser Load (0.173921)[0m   [0;1mSELECT * FROM `users` WHERE (LOWER(users.login) = 'tiagoluchini') LIMIT 1[0m
  [4;35;1mUser Load (0.176179)[0m   [0mSELECT * FROM `users` WHERE (LOWER(users.email) = 'info@tiagoluchini.eu') LIMIT 1[0m
  [4;36;1mUser Create (0.180302)[0m   [0;1mINSERT INTO `users` (`salt`, `updated_at`, `crypted_password`, `lock_version`, `remember_token_expires_at`, `remember_token`, `login`, `created_at`, `email`) VALUES('43fac2328bb182aef239b94f3f821b5b0d48a150', '2009-02-09 03:14:22', '1b154fa6dea1fc3cef7fbae08226f2928458afa3', 0, NULL, NULL, 'tiagoluchini', '2009-02-09 03:14:22', 'info@tiagoluchini.eu')[0m
  [4;35;1mSQL (0.201747)[0m   [0mCOMMIT[0m
  [4;36;1mSQL (0.183187)[0m   [0;1mBEGIN[0m
  [4;35;1mUser Load (0.183491)[0m   [0mSELECT * FROM `users` WHERE (LOWER(users.login) = 'tiagoluchini') LIMIT 1[0m
  [4;36;1mUser Load (0.194492)[0m   [0;1mSELECT * FROM `users` WHERE (LOWER(users.email) = 'info@tiagoluchini.eu') LIMIT 1[0m
  [4;35;1mSQL (0.181014)[0m   [0mCOMMIT[0m
  [4;36;1mSQL (0.190442)[0m   [0;1mBEGIN[0m
  [4;35;1mUser Load (0.188518)[0m   [0mSELECT * FROM `users` WHERE (LOWER(users.login) = 'tiagoluchini2') LIMIT 1[0m
  [4;36;1mUser Load (0.188865)[0m   [0;1mSELECT * FROM `users` WHERE (LOWER(users.email) = 'info@tiagoluchini2.eu') LIMIT 1[0m
  [4;35;1mUser Create (0.190995)[0m   [0mINSERT INTO `users` (`salt`, `updated_at`, `crypted_password`, `lock_version`, `remember_token_expires_at`, `remember_token`, `login`, `created_at`, `email`) VALUES('445d4c2398babf08e45fd85991c154c0d158a3cb', '2009-02-09 03:14:51', 'b10fd91ae7373823314c1a2bc9271d7997d50da4', 0, NULL, NULL, 'tiagoluchini2', '2009-02-09 03:14:51', 'info@tiagoluchini2.eu')[0m
  [4;36;1mSQL (0.487309)[0m   [0;1mCOMMIT[0m
  [4;35;1mUser Load (0.174609)[0m   [0mSELECT * FROM `users` WHERE (`users`.`login` = 'tiagoluchini') LIMIT 1[0m
  [4;36;1mSQL (0.173089)[0m   [0;1mBEGIN[0m
  [4;35;1mUser Load (0.173929)[0m   [0mSELECT * FROM `users` WHERE (LOWER(users.login) = 'tiagoluchini' AND users.id <> 1) LIMIT 1[0m
  [4;36;1mUser Load (0.174127)[0m   [0;1mSELECT * FROM `users` WHERE (LOWER(users.email) = 'info@tiagoluchini.eu' AND users.id <> 1) LIMIT 1[0m
  [4;35;1mUser Update with optimistic locking (0.182736)[0m   [0m UPDATE users
 SET `created_at` = '2009-02-09 03:14:22', `login` = 'tiagoluchini', `crypted_password` = '1b154fa6dea1fc3cef7fbae08226f2928458afa3', `remember_token_expires_at` = NULL, `salt` = '43fac2328bb182aef239b94f3f821b5b0d48a150', `lock_version` = 1, `remember_token` = NULL, `email` = 'info@tiagoluchini.eu', `updated_at` = '2009-02-09 03:15:34'
 WHERE id = 1
 AND `lock_version` = 0
[0m
  [4;36;1mSQL (0.232275)[0m   [0;1mCOMMIT[0m
  [4;35;1mTarget Columns (0.193023)[0m   [0mSHOW FIELDS FROM `targets`[0m
  [4;36;1mSQL (0.184062)[0m   [0;1mBEGIN[0m
  [4;35;1mTarget Create (0.173762)[0m   [0mINSERT INTO `targets` (`updated_at`, `weight`, `date`, `lock_version`, `user_id`, `created_at`) VALUES('2009-02-09 03:16:35', 88.7, '2009-02-09', 0, 1, '2009-02-09 03:16:35')[0m
  [4;36;1mSQL (0.905018)[0m   [0;1mCOMMIT[0m
  [4;35;1mTarget Load (0.174176)[0m   [0mSELECT * FROM `targets` WHERE (targets.user_id = 1) [0m
